<?xml version="1.0" encoding="UTF-8" ?>
<testsuites name="vitest tests" tests="6" failures="0" errors="0" time="0.002156208">
    <testsuite name="package/commonUtil/encodeBase64/indes.test.ts" timestamp="2025-09-25T14:42:58.765Z" hostname="klmhyeonwooui-MacBookPro.local" tests="6" failures="0" errors="0" skipped="0" time="0.002156208">
        <testcase classname="package/commonUtil/encodeBase64/indes.test.ts" name="encodeBase64 유틸 함수 테스트 &gt; 정상적인 문자열을 Base64로 인코딩해야 한다" time="0.000807042">
        </testcase>
        <testcase classname="package/commonUtil/encodeBase64/indes.test.ts" name="encodeBase64 유틸 함수 테스트 &gt; 빈 문자열을 인코딩하면 빈 문자열을 반환해야 한다" time="0.000093625">
        </testcase>
        <testcase classname="package/commonUtil/encodeBase64/indes.test.ts" name="encodeBase64 유틸 함수 테스트 &gt; 특수 문자가 포함된 문자열을 올바르게 인코딩해야 한다" time="0.000173709">
        </testcase>
        <testcase classname="package/commonUtil/encodeBase64/indes.test.ts" name="encodeBase64 유틸 함수 테스트 &gt; 유니코드 문자가 포함된 문자열을 올바르게 인코딩해야 한다" time="0.000156042">
        </testcase>
        <testcase classname="package/commonUtil/encodeBase64/indes.test.ts" name="encodeBase64 유틸 함수 테스트 &gt; null 또는 undefined를 인코딩하면 그대로 반환해야 한다" time="0.000235916">
        </testcase>
        <testcase classname="package/commonUtil/encodeBase64/indes.test.ts" name="encodeBase64 유틸 함수 테스트 &gt; 한글이 들어오면 올바르게 인코딩해야 한다" time="0.000069459">
        </testcase>
    </testsuite>
</testsuites>
