{"/Users/klmhyeonwoo/utils/vite.config.js": {"path":"/Users/klmhyeonwoo/utils/vite.config.js","all":true,"statementMap":{"0":{"start":{"line":1,"column":0},"end":{"line":1,"column":36}},"2":{"start":{"line":3,"column":0},"end":{"line":3,"column":29}},"3":{"start":{"line":4,"column":0},"end":{"line":4,"column":9}},"4":{"start":{"line":5,"column":0},"end":{"line":5,"column":15}},"5":{"start":{"line":6,"column":0},"end":{"line":6,"column":49}},"6":{"start":{"line":7,"column":0},"end":{"line":7,"column":6}},"7":{"start":{"line":8,"column":0},"end":{"line":8,"column":4}},"8":{"start":{"line":9,"column":0},"end":{"line":9,"column":3}}},"s":{"0":0,"2":0,"3":0,"4":0,"5":0,"6":0,"7":0,"8":0},"branchMap":{"0":{"type":"branch","line":1,"loc":{"start":{"line":1,"column":159},"end":{"line":9,"column":3}},"locations":[{"start":{"line":1,"column":159},"end":{"line":9,"column":3}}]}},"b":{"0":[0]},"fnMap":{"0":{"name":"(empty-report)","decl":{"start":{"line":1,"column":159},"end":{"line":9,"column":3}},"loc":{"start":{"line":1,"column":159},"end":{"line":9,"column":3}},"line":1}},"f":{"0":0}}
,"/Users/klmhyeonwoo/utils/vite.config.ts": {"path":"/Users/klmhyeonwoo/utils/vite.config.ts","all":true,"statementMap":{"0":{"start":{"line":1,"column":0},"end":{"line":1,"column":45}},"2":{"start":{"line":3,"column":0},"end":{"line":3,"column":29}},"3":{"start":{"line":4,"column":0},"end":{"line":4,"column":9}},"4":{"start":{"line":5,"column":0},"end":{"line":5,"column":15}},"5":{"start":{"line":6,"column":0},"end":{"line":6,"column":49}},"6":{"start":{"line":7,"column":0},"end":{"line":7,"column":18}},"7":{"start":{"line":8,"column":0},"end":{"line":8,"column":6}},"8":{"start":{"line":9,"column":0},"end":{"line":9,"column":4}},"9":{"start":{"line":10,"column":0},"end":{"line":10,"column":10}},"10":{"start":{"line":11,"column":0},"end":{"line":11,"column":26}},"11":{"start":{"line":12,"column":0},"end":{"line":12,"column":10}},"12":{"start":{"line":13,"column":0},"end":{"line":13,"column":32}},"13":{"start":{"line":14,"column":0},"end":{"line":14,"column":24}},"14":{"start":{"line":15,"column":0},"end":{"line":15,"column":29}},"15":{"start":{"line":16,"column":0},"end":{"line":16,"column":6}},"16":{"start":{"line":17,"column":0},"end":{"line":17,"column":4}},"17":{"start":{"line":18,"column":0},"end":{"line":18,"column":3}}},"s":{"0":0,"2":0,"3":0,"4":0,"5":0,"6":0,"7":0,"8":0,"9":0,"10":0,"11":0,"12":0,"13":0,"14":0,"15":0,"16":0,"17":0},"branchMap":{"0":{"type":"branch","line":1,"loc":{"start":{"line":1,"column":336},"end":{"line":18,"column":3}},"locations":[{"start":{"line":1,"column":336},"end":{"line":18,"column":3}}]}},"b":{"0":[0]},"fnMap":{"0":{"name":"(empty-report)","decl":{"start":{"line":1,"column":336},"end":{"line":18,"column":3}},"loc":{"start":{"line":1,"column":336},"end":{"line":18,"column":3}},"line":1}},"f":{"0":0}}
,"/Users/klmhyeonwoo/utils/dist/bundle/dori-utils.js": {"path":"/Users/klmhyeonwoo/utils/dist/bundle/dori-utils.js","all":true,"statementMap":{"0":{"start":{"line":1,"column":0},"end":{"line":1,"column":15}},"1":{"start":{"line":2,"column":0},"end":{"line":2,"column":125}},"2":{"start":{"line":3,"column":0},"end":{"line":3,"column":1}},"3":{"start":{"line":4,"column":0},"end":{"line":4,"column":15}},"4":{"start":{"line":5,"column":0},"end":{"line":5,"column":149}},"5":{"start":{"line":6,"column":0},"end":{"line":6,"column":1}},"6":{"start":{"line":7,"column":0},"end":{"line":7,"column":79}},"7":{"start":{"line":8,"column":0},"end":{"line":8,"column":18}},"8":{"start":{"line":9,"column":0},"end":{"line":9,"column":16}},"9":{"start":{"line":10,"column":0},"end":{"line":10,"column":17}},"10":{"start":{"line":11,"column":0},"end":{"line":11,"column":45}},"11":{"start":{"line":12,"column":0},"end":{"line":12,"column":15}},"12":{"start":{"line":13,"column":0},"end":{"line":13,"column":21}},"13":{"start":{"line":14,"column":0},"end":{"line":14,"column":40}},"14":{"start":{"line":15,"column":0},"end":{"line":15,"column":69}},"15":{"start":{"line":16,"column":0},"end":{"line":16,"column":8}},"16":{"start":{"line":17,"column":0},"end":{"line":17,"column":1}},"17":{"start":{"line":18,"column":0},"end":{"line":18,"column":15}},"18":{"start":{"line":19,"column":0},"end":{"line":19,"column":42}},"19":{"start":{"line":20,"column":0},"end":{"line":20,"column":22}},"20":{"start":{"line":21,"column":0},"end":{"line":21,"column":19}},"21":{"start":{"line":22,"column":0},"end":{"line":22,"column":47}},"22":{"start":{"line":23,"column":0},"end":{"line":23,"column":3}},"23":{"start":{"line":24,"column":0},"end":{"line":24,"column":26}},"24":{"start":{"line":25,"column":0},"end":{"line":25,"column":1}},"25":{"start":{"line":26,"column":0},"end":{"line":26,"column":79}},"26":{"start":{"line":27,"column":0},"end":{"line":27,"column":18}},"27":{"start":{"line":28,"column":0},"end":{"line":28,"column":25}},"28":{"start":{"line":29,"column":0},"end":{"line":29,"column":15}},"29":{"start":{"line":30,"column":0},"end":{"line":30,"column":45}},"30":{"start":{"line":31,"column":0},"end":{"line":31,"column":15}},"31":{"start":{"line":32,"column":0},"end":{"line":32,"column":92}},"32":{"start":{"line":33,"column":0},"end":{"line":33,"column":43}},"33":{"start":{"line":34,"column":0},"end":{"line":34,"column":1}},"34":{"start":{"line":35,"column":0},"end":{"line":35,"column":26}},"35":{"start":{"line":36,"column":0},"end":{"line":36,"column":9}},"36":{"start":{"line":37,"column":0},"end":{"line":37,"column":18}},"37":{"start":{"line":38,"column":0},"end":{"line":38,"column":15}},"38":{"start":{"line":39,"column":0},"end":{"line":39,"column":14}},"39":{"start":{"line":40,"column":0},"end":{"line":40,"column":20}},"40":{"start":{"line":41,"column":0},"end":{"line":41,"column":14}},"41":{"start":{"line":42,"column":0},"end":{"line":42,"column":14}},"42":{"start":{"line":43,"column":0},"end":{"line":43,"column":15}},"43":{"start":{"line":44,"column":0},"end":{"line":44,"column":8}},"44":{"start":{"line":45,"column":0},"end":{"line":45,"column":74}},"45":{"start":{"line":46,"column":0},"end":{"line":46,"column":84}},"46":{"start":{"line":47,"column":0},"end":{"line":47,"column":14}},"47":{"start":{"line":48,"column":0},"end":{"line":48,"column":329}},"48":{"start":{"line":49,"column":0},"end":{"line":49,"column":3}},"49":{"start":{"line":50,"column":0},"end":{"line":50,"column":106}},"50":{"start":{"line":51,"column":0},"end":{"line":51,"column":1}},"51":{"start":{"line":52,"column":0},"end":{"line":52,"column":79}},"52":{"start":{"line":53,"column":0},"end":{"line":53,"column":18}},"53":{"start":{"line":54,"column":0},"end":{"line":54,"column":15}},"54":{"start":{"line":55,"column":0},"end":{"line":55,"column":14}},"55":{"start":{"line":56,"column":0},"end":{"line":56,"column":45}},"56":{"start":{"line":57,"column":0},"end":{"line":57,"column":18}},"57":{"start":{"line":58,"column":0},"end":{"line":58,"column":38}},"58":{"start":{"line":59,"column":0},"end":{"line":59,"column":1}},"59":{"start":{"line":60,"column":0},"end":{"line":60,"column":79}},"60":{"start":{"line":61,"column":0},"end":{"line":61,"column":18}},"61":{"start":{"line":62,"column":0},"end":{"line":62,"column":8}},"62":{"start":{"line":63,"column":0},"end":{"line":63,"column":45}}},"s":{"0":0,"1":0,"2":0,"3":0,"4":0,"5":0,"6":0,"7":0,"8":0,"9":0,"10":0,"11":0,"12":0,"13":0,"14":0,"15":0,"16":0,"17":0,"18":0,"19":0,"20":0,"21":0,"22":0,"23":0,"24":0,"25":0,"26":0,"27":0,"28":0,"29":0,"30":0,"31":0,"32":0,"33":0,"34":0,"35":0,"36":0,"37":0,"38":0,"39":0,"40":0,"41":0,"42":0,"43":0,"44":0,"45":0,"46":0,"47":0,"48":0,"49":0,"50":0,"51":0,"52":0,"53":0,"54":0,"55":0,"56":0,"57":0,"58":0,"59":0,"60":0,"61":0,"62":0},"branchMap":{"0":{"type":"branch","line":1,"loc":{"start":{"line":1,"column":2434},"end":{"line":69,"column":2}},"locations":[{"start":{"line":1,"column":2434},"end":{"line":69,"column":2}}]}},"b":{"0":[0]},"fnMap":{"0":{"name":"(empty-report)","decl":{"start":{"line":1,"column":2434},"end":{"line":69,"column":2}},"loc":{"start":{"line":1,"column":2434},"end":{"line":69,"column":2}},"line":1}},"f":{"0":0}}
,"/Users/klmhyeonwoo/utils/dist/bundle/dori-utils.umd.cjs": {"path":"/Users/klmhyeonwoo/utils/dist/bundle/dori-utils.umd.cjs","all":true,"statementMap":{"0":{"start":{"line":1,"column":0},"end":{"line":1,"column":2165}}},"s":{"0":0},"branchMap":{"0":{"type":"branch","line":1,"loc":{"start":{"line":1,"column":0},"end":{"line":1,"column":2164}},"locations":[{"start":{"line":1,"column":0},"end":{"line":1,"column":2164}}]}},"b":{"0":[0]},"fnMap":{"0":{"name":"(empty-report)","decl":{"start":{"line":1,"column":0},"end":{"line":1,"column":2164}},"loc":{"start":{"line":1,"column":0},"end":{"line":1,"column":2164}},"line":1}},"f":{"0":0}}
,"/Users/klmhyeonwoo/utils/dist/types/index.d.ts": {"path":"/Users/klmhyeonwoo/utils/dist/types/index.d.ts","all":true,"statementMap":{"0":{"start":{"line":1,"column":0},"end":{"line":1,"column":43}},"1":{"start":{"line":2,"column":0},"end":{"line":2,"column":43}},"2":{"start":{"line":3,"column":0},"end":{"line":3,"column":43}},"3":{"start":{"line":4,"column":0},"end":{"line":4,"column":43}}},"s":{"0":0,"1":0,"2":0,"3":0},"branchMap":{"0":{"type":"branch","line":1,"loc":{"start":{"line":1,"column":175},"end":{"line":4,"column":43}},"locations":[{"start":{"line":1,"column":175},"end":{"line":4,"column":43}}]}},"b":{"0":[0]},"fnMap":{"0":{"name":"(empty-report)","decl":{"start":{"line":1,"column":175},"end":{"line":4,"column":43}},"loc":{"start":{"line":1,"column":175},"end":{"line":4,"column":43}},"line":1}},"f":{"0":0}}
,"/Users/klmhyeonwoo/utils/dist/types/index.js": {"path":"/Users/klmhyeonwoo/utils/dist/types/index.js","all":true,"statementMap":{"0":{"start":{"line":1,"column":0},"end":{"line":1,"column":43}},"1":{"start":{"line":2,"column":0},"end":{"line":2,"column":43}},"2":{"start":{"line":3,"column":0},"end":{"line":3,"column":43}},"3":{"start":{"line":4,"column":0},"end":{"line":4,"column":43}}},"s":{"0":0,"1":0,"2":0,"3":0},"branchMap":{"0":{"type":"branch","line":1,"loc":{"start":{"line":1,"column":175},"end":{"line":4,"column":43}},"locations":[{"start":{"line":1,"column":175},"end":{"line":4,"column":43}}]}},"b":{"0":[0]},"fnMap":{"0":{"name":"(empty-report)","decl":{"start":{"line":1,"column":175},"end":{"line":4,"column":43}},"loc":{"start":{"line":1,"column":175},"end":{"line":4,"column":43}},"line":1}},"f":{"0":0}}
,"/Users/klmhyeonwoo/utils/dist/types/cookieUtil/index.d.ts": {"path":"/Users/klmhyeonwoo/utils/dist/types/cookieUtil/index.d.ts","all":true,"statementMap":{"0":{"start":{"line":1,"column":0},"end":{"line":1,"column":51}},"1":{"start":{"line":2,"column":0},"end":{"line":2,"column":51}}},"s":{"0":0,"1":0},"branchMap":{"0":{"type":"branch","line":1,"loc":{"start":{"line":1,"column":103},"end":{"line":2,"column":51}},"locations":[{"start":{"line":1,"column":103},"end":{"line":2,"column":51}}]}},"b":{"0":[0]},"fnMap":{"0":{"name":"(empty-report)","decl":{"start":{"line":1,"column":103},"end":{"line":2,"column":51}},"loc":{"start":{"line":1,"column":103},"end":{"line":2,"column":51}},"line":1}},"f":{"0":0}}
,"/Users/klmhyeonwoo/utils/dist/types/cookieUtil/index.js": {"path":"/Users/klmhyeonwoo/utils/dist/types/cookieUtil/index.js","all":true,"statementMap":{"0":{"start":{"line":1,"column":0},"end":{"line":1,"column":51}},"1":{"start":{"line":2,"column":0},"end":{"line":2,"column":51}}},"s":{"0":0,"1":0},"branchMap":{"0":{"type":"branch","line":1,"loc":{"start":{"line":1,"column":103},"end":{"line":2,"column":51}},"locations":[{"start":{"line":1,"column":103},"end":{"line":2,"column":51}}]}},"b":{"0":[0]},"fnMap":{"0":{"name":"(empty-report)","decl":{"start":{"line":1,"column":103},"end":{"line":2,"column":51}},"loc":{"start":{"line":1,"column":103},"end":{"line":2,"column":51}},"line":1}},"f":{"0":0}}
,"/Users/klmhyeonwoo/utils/dist/types/cookieUtil/getCookie/index.d.ts": {"path":"/Users/klmhyeonwoo/utils/dist/types/cookieUtil/getCookie/index.d.ts","all":true,"statementMap":{},"s":{},"branchMap":{"0":{"type":"branch","line":1,"loc":{"start":{"line":1,"column":56},"end":{"line":1,"column":56}},"locations":[{"start":{"line":1,"column":56},"end":{"line":1,"column":56}}]}},"b":{"0":[1]},"fnMap":{"0":{"name":"(empty-report)","decl":{"start":{"line":1,"column":56},"end":{"line":1,"column":56}},"loc":{"start":{"line":1,"column":56},"end":{"line":1,"column":56}},"line":1}},"f":{"0":1}}
,"/Users/klmhyeonwoo/utils/dist/types/cookieUtil/getCookie/index.js": {"path":"/Users/klmhyeonwoo/utils/dist/types/cookieUtil/getCookie/index.js","all":true,"statementMap":{"0":{"start":{"line":1,"column":0},"end":{"line":1,"column":41}},"1":{"start":{"line":2,"column":0},"end":{"line":2,"column":101}},"2":{"start":{"line":3,"column":0},"end":{"line":3,"column":53}},"3":{"start":{"line":4,"column":0},"end":{"line":4,"column":1}}},"s":{"0":0,"1":0,"2":0,"3":0},"branchMap":{"0":{"type":"branch","line":1,"loc":{"start":{"line":1,"column":199},"end":{"line":4,"column":1}},"locations":[{"start":{"line":1,"column":199},"end":{"line":4,"column":1}}]}},"b":{"0":[0]},"fnMap":{"0":{"name":"(empty-report)","decl":{"start":{"line":1,"column":199},"end":{"line":4,"column":1}},"loc":{"start":{"line":1,"column":199},"end":{"line":4,"column":1}},"line":1}},"f":{"0":0}}
,"/Users/klmhyeonwoo/utils/dist/types/cookieUtil/setCookie/index.d.ts": {"path":"/Users/klmhyeonwoo/utils/dist/types/cookieUtil/setCookie/index.d.ts","all":true,"statementMap":{},"s":{},"branchMap":{"0":{"type":"branch","line":1,"loc":{"start":{"line":1,"column":442},"end":{"line":18,"column":10}},"locations":[{"start":{"line":1,"column":442},"end":{"line":18,"column":10}}]}},"b":{"0":[1]},"fnMap":{"0":{"name":"(empty-report)","decl":{"start":{"line":1,"column":442},"end":{"line":18,"column":10}},"loc":{"start":{"line":1,"column":442},"end":{"line":18,"column":10}},"line":1}},"f":{"0":1}}
,"/Users/klmhyeonwoo/utils/dist/types/cookieUtil/setCookie/index.js": {"path":"/Users/klmhyeonwoo/utils/dist/types/cookieUtil/setCookie/index.js","all":true,"statementMap":{"0":{"start":{"line":1,"column":0},"end":{"line":1,"column":62}},"1":{"start":{"line":2,"column":0},"end":{"line":2,"column":92}},"2":{"start":{"line":3,"column":0},"end":{"line":3,"column":97}},"3":{"start":{"line":4,"column":0},"end":{"line":4,"column":18}},"4":{"start":{"line":5,"column":0},"end":{"line":5,"column":61}},"5":{"start":{"line":6,"column":0},"end":{"line":6,"column":5}},"6":{"start":{"line":7,"column":0},"end":{"line":7,"column":17}},"7":{"start":{"line":8,"column":0},"end":{"line":8,"column":46}},"8":{"start":{"line":9,"column":0},"end":{"line":9,"column":5}},"9":{"start":{"line":10,"column":0},"end":{"line":10,"column":23}},"10":{"start":{"line":11,"column":0},"end":{"line":11,"column":31}},"11":{"start":{"line":12,"column":0},"end":{"line":12,"column":32}},"12":{"start":{"line":13,"column":0},"end":{"line":13,"column":83}},"13":{"start":{"line":14,"column":0},"end":{"line":14,"column":9}},"14":{"start":{"line":15,"column":0},"end":{"line":15,"column":38}},"15":{"start":{"line":16,"column":0},"end":{"line":16,"column":83}},"16":{"start":{"line":17,"column":0},"end":{"line":17,"column":9}},"17":{"start":{"line":18,"column":0},"end":{"line":18,"column":36}},"18":{"start":{"line":19,"column":0},"end":{"line":19,"column":76}},"19":{"start":{"line":20,"column":0},"end":{"line":20,"column":9}},"20":{"start":{"line":21,"column":0},"end":{"line":21,"column":37}},"21":{"start":{"line":22,"column":0},"end":{"line":22,"column":72}},"22":{"start":{"line":23,"column":0},"end":{"line":23,"column":9}},"23":{"start":{"line":24,"column":0},"end":{"line":24,"column":39}},"24":{"start":{"line":25,"column":0},"end":{"line":25,"column":69}},"25":{"start":{"line":26,"column":0},"end":{"line":26,"column":9}},"26":{"start":{"line":27,"column":0},"end":{"line":27,"column":39}},"27":{"start":{"line":28,"column":0},"end":{"line":28,"column":64}},"28":{"start":{"line":29,"column":0},"end":{"line":29,"column":9}},"29":{"start":{"line":30,"column":0},"end":{"line":30,"column":54}},"30":{"start":{"line":31,"column":0},"end":{"line":31,"column":5}},"31":{"start":{"line":32,"column":0},"end":{"line":32,"column":17}},"32":{"start":{"line":33,"column":0},"end":{"line":33,"column":45}},"33":{"start":{"line":34,"column":0},"end":{"line":34,"column":5}},"34":{"start":{"line":35,"column":0},"end":{"line":35,"column":17}},"35":{"start":{"line":36,"column":0},"end":{"line":36,"column":35}},"36":{"start":{"line":37,"column":0},"end":{"line":37,"column":5}},"37":{"start":{"line":38,"column":0},"end":{"line":38,"column":19}},"38":{"start":{"line":39,"column":0},"end":{"line":39,"column":49}},"39":{"start":{"line":40,"column":0},"end":{"line":40,"column":5}},"40":{"start":{"line":41,"column":0},"end":{"line":41,"column":35}},"41":{"start":{"line":42,"column":0},"end":{"line":42,"column":1}}},"s":{"0":0,"1":0,"2":0,"3":0,"4":0,"5":0,"6":0,"7":0,"8":0,"9":0,"10":0,"11":0,"12":0,"13":0,"14":0,"15":0,"16":0,"17":0,"18":0,"19":0,"20":0,"21":0,"22":0,"23":0,"24":0,"25":0,"26":0,"27":0,"28":0,"29":0,"30":0,"31":0,"32":0,"33":0,"34":0,"35":0,"36":0,"37":0,"38":0,"39":0,"40":0,"41":0},"branchMap":{"0":{"type":"branch","line":1,"loc":{"start":{"line":1,"column":1512},"end":{"line":42,"column":1}},"locations":[{"start":{"line":1,"column":1512},"end":{"line":42,"column":1}}]}},"b":{"0":[0]},"fnMap":{"0":{"name":"(empty-report)","decl":{"start":{"line":1,"column":1512},"end":{"line":42,"column":1}},"loc":{"start":{"line":1,"column":1512},"end":{"line":42,"column":1}},"line":1}},"f":{"0":0}}
,"/Users/klmhyeonwoo/utils/dist/types/numberUtil/index.d.ts": {"path":"/Users/klmhyeonwoo/utils/dist/types/numberUtil/index.d.ts","all":true,"statementMap":{"0":{"start":{"line":1,"column":0},"end":{"line":1,"column":39}}},"s":{"0":0},"branchMap":{"0":{"type":"branch","line":1,"loc":{"start":{"line":1,"column":39},"end":{"line":1,"column":39}},"locations":[{"start":{"line":1,"column":39},"end":{"line":1,"column":39}}]}},"b":{"0":[0]},"fnMap":{"0":{"name":"(empty-report)","decl":{"start":{"line":1,"column":39},"end":{"line":1,"column":39}},"loc":{"start":{"line":1,"column":39},"end":{"line":1,"column":39}},"line":1}},"f":{"0":0}}
,"/Users/klmhyeonwoo/utils/dist/types/numberUtil/index.js": {"path":"/Users/klmhyeonwoo/utils/dist/types/numberUtil/index.js","all":true,"statementMap":{"0":{"start":{"line":1,"column":0},"end":{"line":1,"column":39}}},"s":{"0":0},"branchMap":{"0":{"type":"branch","line":1,"loc":{"start":{"line":1,"column":39},"end":{"line":1,"column":39}},"locations":[{"start":{"line":1,"column":39},"end":{"line":1,"column":39}}]}},"b":{"0":[0]},"fnMap":{"0":{"name":"(empty-report)","decl":{"start":{"line":1,"column":39},"end":{"line":1,"column":39}},"loc":{"start":{"line":1,"column":39},"end":{"line":1,"column":39}},"line":1}},"f":{"0":0}}
,"/Users/klmhyeonwoo/utils/dist/types/numberUtil/sum/index.d.ts": {"path":"/Users/klmhyeonwoo/utils/dist/types/numberUtil/sum/index.d.ts","all":true,"statementMap":{},"s":{},"branchMap":{"0":{"type":"branch","line":1,"loc":{"start":{"line":1,"column":55},"end":{"line":1,"column":55}},"locations":[{"start":{"line":1,"column":55},"end":{"line":1,"column":55}}]}},"b":{"0":[1]},"fnMap":{"0":{"name":"(empty-report)","decl":{"start":{"line":1,"column":55},"end":{"line":1,"column":55}},"loc":{"start":{"line":1,"column":55},"end":{"line":1,"column":55}},"line":1}},"f":{"0":1}}
,"/Users/klmhyeonwoo/utils/dist/types/numberUtil/sum/index.js": {"path":"/Users/klmhyeonwoo/utils/dist/types/numberUtil/sum/index.js","all":true,"statementMap":{"0":{"start":{"line":1,"column":0},"end":{"line":1,"column":38}},"1":{"start":{"line":2,"column":0},"end":{"line":2,"column":51}},"2":{"start":{"line":3,"column":0},"end":{"line":3,"column":1}}},"s":{"0":0,"1":0,"2":0},"branchMap":{"0":{"type":"branch","line":1,"loc":{"start":{"line":1,"column":92},"end":{"line":3,"column":1}},"locations":[{"start":{"line":1,"column":92},"end":{"line":3,"column":1}}]}},"b":{"0":[0]},"fnMap":{"0":{"name":"(empty-report)","decl":{"start":{"line":1,"column":92},"end":{"line":3,"column":1}},"loc":{"start":{"line":1,"column":92},"end":{"line":3,"column":1}},"line":1}},"f":{"0":0}}
,"/Users/klmhyeonwoo/utils/dist/types/numberUtil/sum/index.test.d.ts": {"path":"/Users/klmhyeonwoo/utils/dist/types/numberUtil/sum/index.test.d.ts","all":true,"statementMap":{},"s":{},"branchMap":{"0":{"type":"branch","line":1,"loc":{"start":{"line":1,"column":10},"end":{"line":1,"column":10}},"locations":[{"start":{"line":1,"column":10},"end":{"line":1,"column":10}}]}},"b":{"0":[1]},"fnMap":{"0":{"name":"(empty-report)","decl":{"start":{"line":1,"column":10},"end":{"line":1,"column":10}},"loc":{"start":{"line":1,"column":10},"end":{"line":1,"column":10}},"line":1}},"f":{"0":1}}
,"/Users/klmhyeonwoo/utils/dist/types/objectUtil/index.d.ts": {"path":"/Users/klmhyeonwoo/utils/dist/types/objectUtil/index.d.ts","all":true,"statementMap":{"0":{"start":{"line":1,"column":0},"end":{"line":1,"column":71}},"1":{"start":{"line":2,"column":0},"end":{"line":2,"column":53}}},"s":{"0":0,"1":0},"branchMap":{"0":{"type":"branch","line":1,"loc":{"start":{"line":1,"column":125},"end":{"line":2,"column":53}},"locations":[{"start":{"line":1,"column":125},"end":{"line":2,"column":53}}]}},"b":{"0":[0]},"fnMap":{"0":{"name":"(empty-report)","decl":{"start":{"line":1,"column":125},"end":{"line":2,"column":53}},"loc":{"start":{"line":1,"column":125},"end":{"line":2,"column":53}},"line":1}},"f":{"0":0}}
,"/Users/klmhyeonwoo/utils/dist/types/objectUtil/index.js": {"path":"/Users/klmhyeonwoo/utils/dist/types/objectUtil/index.js","all":true,"statementMap":{"0":{"start":{"line":1,"column":0},"end":{"line":1,"column":71}},"1":{"start":{"line":2,"column":0},"end":{"line":2,"column":53}}},"s":{"0":0,"1":0},"branchMap":{"0":{"type":"branch","line":1,"loc":{"start":{"line":1,"column":125},"end":{"line":2,"column":53}},"locations":[{"start":{"line":1,"column":125},"end":{"line":2,"column":53}}]}},"b":{"0":[0]},"fnMap":{"0":{"name":"(empty-report)","decl":{"start":{"line":1,"column":125},"end":{"line":2,"column":53}},"loc":{"start":{"line":1,"column":125},"end":{"line":2,"column":53}},"line":1}},"f":{"0":0}}
,"/Users/klmhyeonwoo/utils/dist/types/objectUtil/clearNullProperties/index.d.ts": {"path":"/Users/klmhyeonwoo/utils/dist/types/objectUtil/clearNullProperties/index.d.ts","all":true,"statementMap":{},"s":{},"branchMap":{"0":{"type":"branch","line":1,"loc":{"start":{"line":1,"column":58},"end":{"line":1,"column":58}},"locations":[{"start":{"line":1,"column":58},"end":{"line":1,"column":58}}]}},"b":{"0":[1]},"fnMap":{"0":{"name":"(empty-report)","decl":{"start":{"line":1,"column":58},"end":{"line":1,"column":58}},"loc":{"start":{"line":1,"column":58},"end":{"line":1,"column":58}},"line":1}},"f":{"0":1}}
,"/Users/klmhyeonwoo/utils/dist/types/objectUtil/clearNullProperties/index.js": {"path":"/Users/klmhyeonwoo/utils/dist/types/objectUtil/clearNullProperties/index.js","all":true,"statementMap":{"0":{"start":{"line":1,"column":0},"end":{"line":1,"column":50}},"1":{"start":{"line":2,"column":0},"end":{"line":2,"column":30}},"2":{"start":{"line":3,"column":0},"end":{"line":3,"column":41}},"3":{"start":{"line":4,"column":0},"end":{"line":4,"column":26}},"4":{"start":{"line":5,"column":0},"end":{"line":5,"column":30}},"5":{"start":{"line":6,"column":0},"end":{"line":6,"column":9}},"6":{"start":{"line":7,"column":0},"end":{"line":7,"column":50}},"7":{"start":{"line":8,"column":0},"end":{"line":8,"column":57}},"8":{"start":{"line":9,"column":0},"end":{"line":9,"column":9}},"9":{"start":{"line":10,"column":0},"end":{"line":10,"column":7}},"10":{"start":{"line":11,"column":0},"end":{"line":11,"column":18}},"11":{"start":{"line":12,"column":0},"end":{"line":12,"column":1}}},"s":{"0":0,"1":0,"2":0,"3":0,"4":0,"5":0,"6":0,"7":0,"8":0,"9":0,"10":0,"11":0},"branchMap":{"0":{"type":"branch","line":1,"loc":{"start":{"line":1,"column":339},"end":{"line":12,"column":1}},"locations":[{"start":{"line":1,"column":339},"end":{"line":12,"column":1}}]}},"b":{"0":[0]},"fnMap":{"0":{"name":"(empty-report)","decl":{"start":{"line":1,"column":339},"end":{"line":12,"column":1}},"loc":{"start":{"line":1,"column":339},"end":{"line":12,"column":1}},"line":1}},"f":{"0":0}}
,"/Users/klmhyeonwoo/utils/dist/types/objectUtil/clearNullProperties/index.test.d.ts": {"path":"/Users/klmhyeonwoo/utils/dist/types/objectUtil/clearNullProperties/index.test.d.ts","all":true,"statementMap":{},"s":{},"branchMap":{"0":{"type":"branch","line":1,"loc":{"start":{"line":1,"column":10},"end":{"line":1,"column":10}},"locations":[{"start":{"line":1,"column":10},"end":{"line":1,"column":10}}]}},"b":{"0":[1]},"fnMap":{"0":{"name":"(empty-report)","decl":{"start":{"line":1,"column":10},"end":{"line":1,"column":10}},"loc":{"start":{"line":1,"column":10},"end":{"line":1,"column":10}},"line":1}},"f":{"0":1}}
,"/Users/klmhyeonwoo/utils/dist/types/objectUtil/deepFreeze/index.d.ts": {"path":"/Users/klmhyeonwoo/utils/dist/types/objectUtil/deepFreeze/index.d.ts","all":true,"statementMap":{},"s":{},"branchMap":{"0":{"type":"branch","line":1,"loc":{"start":{"line":1,"column":49},"end":{"line":1,"column":49}},"locations":[{"start":{"line":1,"column":49},"end":{"line":1,"column":49}}]}},"b":{"0":[1]},"fnMap":{"0":{"name":"(empty-report)","decl":{"start":{"line":1,"column":49},"end":{"line":1,"column":49}},"loc":{"start":{"line":1,"column":49},"end":{"line":1,"column":49}},"line":1}},"f":{"0":1}}
,"/Users/klmhyeonwoo/utils/dist/types/objectUtil/deepFreeze/index.js": {"path":"/Users/klmhyeonwoo/utils/dist/types/objectUtil/deepFreeze/index.js","all":true,"statementMap":{"0":{"start":{"line":1,"column":0},"end":{"line":1,"column":41}},"1":{"start":{"line":2,"column":0},"end":{"line":2,"column":55}},"2":{"start":{"line":3,"column":0},"end":{"line":3,"column":36}},"3":{"start":{"line":4,"column":0},"end":{"line":4,"column":32}},"4":{"start":{"line":5,"column":0},"end":{"line":5,"column":58}},"5":{"start":{"line":6,"column":0},"end":{"line":6,"column":30}},"6":{"start":{"line":7,"column":0},"end":{"line":7,"column":9}},"7":{"start":{"line":8,"column":0},"end":{"line":8,"column":5}},"8":{"start":{"line":9,"column":0},"end":{"line":9,"column":30}},"9":{"start":{"line":10,"column":0},"end":{"line":10,"column":1}}},"s":{"0":0,"1":0,"2":0,"3":0,"4":0,"5":0,"6":0,"7":0,"8":0,"9":0},"branchMap":{"0":{"type":"branch","line":1,"loc":{"start":{"line":1,"column":306},"end":{"line":10,"column":1}},"locations":[{"start":{"line":1,"column":306},"end":{"line":10,"column":1}}]}},"b":{"0":[0]},"fnMap":{"0":{"name":"(empty-report)","decl":{"start":{"line":1,"column":306},"end":{"line":10,"column":1}},"loc":{"start":{"line":1,"column":306},"end":{"line":10,"column":1}},"line":1}},"f":{"0":0}}
,"/Users/klmhyeonwoo/utils/dist/types/objectUtil/deepFreeze/index.test.d.ts": {"path":"/Users/klmhyeonwoo/utils/dist/types/objectUtil/deepFreeze/index.test.d.ts","all":true,"statementMap":{},"s":{},"branchMap":{"0":{"type":"branch","line":1,"loc":{"start":{"line":1,"column":10},"end":{"line":1,"column":10}},"locations":[{"start":{"line":1,"column":10},"end":{"line":1,"column":10}}]}},"b":{"0":[1]},"fnMap":{"0":{"name":"(empty-report)","decl":{"start":{"line":1,"column":10},"end":{"line":1,"column":10}},"loc":{"start":{"line":1,"column":10},"end":{"line":1,"column":10}},"line":1}},"f":{"0":1}}
,"/Users/klmhyeonwoo/utils/dist/types/stringUtil/index.d.ts": {"path":"/Users/klmhyeonwoo/utils/dist/types/stringUtil/index.d.ts","all":true,"statementMap":{"0":{"start":{"line":1,"column":0},"end":{"line":1,"column":53}},"1":{"start":{"line":2,"column":0},"end":{"line":2,"column":57}}},"s":{"0":0,"1":0},"branchMap":{"0":{"type":"branch","line":1,"loc":{"start":{"line":1,"column":111},"end":{"line":2,"column":57}},"locations":[{"start":{"line":1,"column":111},"end":{"line":2,"column":57}}]}},"b":{"0":[0]},"fnMap":{"0":{"name":"(empty-report)","decl":{"start":{"line":1,"column":111},"end":{"line":2,"column":57}},"loc":{"start":{"line":1,"column":111},"end":{"line":2,"column":57}},"line":1}},"f":{"0":0}}
,"/Users/klmhyeonwoo/utils/dist/types/stringUtil/index.js": {"path":"/Users/klmhyeonwoo/utils/dist/types/stringUtil/index.js","all":true,"statementMap":{"0":{"start":{"line":1,"column":0},"end":{"line":1,"column":53}},"1":{"start":{"line":2,"column":0},"end":{"line":2,"column":57}}},"s":{"0":0,"1":0},"branchMap":{"0":{"type":"branch","line":1,"loc":{"start":{"line":1,"column":111},"end":{"line":2,"column":57}},"locations":[{"start":{"line":1,"column":111},"end":{"line":2,"column":57}}]}},"b":{"0":[0]},"fnMap":{"0":{"name":"(empty-report)","decl":{"start":{"line":1,"column":111},"end":{"line":2,"column":57}},"loc":{"start":{"line":1,"column":111},"end":{"line":2,"column":57}},"line":1}},"f":{"0":0}}
,"/Users/klmhyeonwoo/utils/dist/types/stringUtil/escapeHtml/index.d.ts": {"path":"/Users/klmhyeonwoo/utils/dist/types/stringUtil/escapeHtml/index.d.ts","all":true,"statementMap":{},"s":{},"branchMap":{"0":{"type":"branch","line":1,"loc":{"start":{"line":1,"column":56},"end":{"line":1,"column":56}},"locations":[{"start":{"line":1,"column":56},"end":{"line":1,"column":56}}]}},"b":{"0":[1]},"fnMap":{"0":{"name":"(empty-report)","decl":{"start":{"line":1,"column":56},"end":{"line":1,"column":56}},"loc":{"start":{"line":1,"column":56},"end":{"line":1,"column":56}},"line":1}},"f":{"0":1}}
,"/Users/klmhyeonwoo/utils/dist/types/stringUtil/escapeHtml/index.js": {"path":"/Users/klmhyeonwoo/utils/dist/types/stringUtil/escapeHtml/index.js","all":true,"statementMap":{"0":{"start":{"line":1,"column":0},"end":{"line":1,"column":41}},"1":{"start":{"line":2,"column":0},"end":{"line":2,"column":14}},"2":{"start":{"line":3,"column":0},"end":{"line":3,"column":31}},"3":{"start":{"line":4,"column":0},"end":{"line":4,"column":30}},"4":{"start":{"line":5,"column":0},"end":{"line":5,"column":30}},"5":{"start":{"line":6,"column":0},"end":{"line":6,"column":32}},"6":{"start":{"line":7,"column":0},"end":{"line":7,"column":32}},"7":{"start":{"line":8,"column":0},"end":{"line":8,"column":1}}},"s":{"0":0,"1":0,"2":0,"3":0,"4":0,"5":0,"6":0,"7":0},"branchMap":{"0":{"type":"branch","line":1,"loc":{"start":{"line":1,"column":218},"end":{"line":8,"column":1}},"locations":[{"start":{"line":1,"column":218},"end":{"line":8,"column":1}}]}},"b":{"0":[0]},"fnMap":{"0":{"name":"(empty-report)","decl":{"start":{"line":1,"column":218},"end":{"line":8,"column":1}},"loc":{"start":{"line":1,"column":218},"end":{"line":8,"column":1}},"line":1}},"f":{"0":0}}
,"/Users/klmhyeonwoo/utils/dist/types/stringUtil/escapeHtml/index.test.d.ts": {"path":"/Users/klmhyeonwoo/utils/dist/types/stringUtil/escapeHtml/index.test.d.ts","all":true,"statementMap":{},"s":{},"branchMap":{"0":{"type":"branch","line":1,"loc":{"start":{"line":1,"column":10},"end":{"line":1,"column":10}},"locations":[{"start":{"line":1,"column":10},"end":{"line":1,"column":10}}]}},"b":{"0":[1]},"fnMap":{"0":{"name":"(empty-report)","decl":{"start":{"line":1,"column":10},"end":{"line":1,"column":10}},"loc":{"start":{"line":1,"column":10},"end":{"line":1,"column":10}},"line":1}},"f":{"0":1}}
,"/Users/klmhyeonwoo/utils/dist/types/stringUtil/unescapeHtml/index.d.ts": {"path":"/Users/klmhyeonwoo/utils/dist/types/stringUtil/unescapeHtml/index.d.ts","all":true,"statementMap":{},"s":{},"branchMap":{"0":{"type":"branch","line":1,"loc":{"start":{"line":1,"column":58},"end":{"line":1,"column":58}},"locations":[{"start":{"line":1,"column":58},"end":{"line":1,"column":58}}]}},"b":{"0":[1]},"fnMap":{"0":{"name":"(empty-report)","decl":{"start":{"line":1,"column":58},"end":{"line":1,"column":58}},"loc":{"start":{"line":1,"column":58},"end":{"line":1,"column":58}},"line":1}},"f":{"0":1}}
,"/Users/klmhyeonwoo/utils/dist/types/stringUtil/unescapeHtml/index.js": {"path":"/Users/klmhyeonwoo/utils/dist/types/stringUtil/unescapeHtml/index.js","all":true,"statementMap":{"0":{"start":{"line":1,"column":0},"end":{"line":1,"column":43}},"1":{"start":{"line":2,"column":0},"end":{"line":2,"column":37}},"2":{"start":{"line":3,"column":0},"end":{"line":3,"column":30}},"3":{"start":{"line":4,"column":0},"end":{"line":4,"column":30}},"4":{"start":{"line":5,"column":0},"end":{"line":5,"column":33}},"5":{"start":{"line":6,"column":0},"end":{"line":6,"column":31}},"6":{"start":{"line":7,"column":0},"end":{"line":7,"column":33}},"7":{"start":{"line":8,"column":0},"end":{"line":8,"column":1}}},"s":{"0":0,"1":0,"2":0,"3":0,"4":0,"5":0,"6":0,"7":0},"branchMap":{"0":{"type":"branch","line":1,"loc":{"start":{"line":1,"column":245},"end":{"line":8,"column":1}},"locations":[{"start":{"line":1,"column":245},"end":{"line":8,"column":1}}]}},"b":{"0":[0]},"fnMap":{"0":{"name":"(empty-report)","decl":{"start":{"line":1,"column":245},"end":{"line":8,"column":1}},"loc":{"start":{"line":1,"column":245},"end":{"line":8,"column":1}},"line":1}},"f":{"0":0}}
,"/Users/klmhyeonwoo/utils/dist/types/stringUtil/unescapeHtml/index.test.d.ts": {"path":"/Users/klmhyeonwoo/utils/dist/types/stringUtil/unescapeHtml/index.test.d.ts","all":true,"statementMap":{},"s":{},"branchMap":{"0":{"type":"branch","line":1,"loc":{"start":{"line":1,"column":10},"end":{"line":1,"column":10}},"locations":[{"start":{"line":1,"column":10},"end":{"line":1,"column":10}}]}},"b":{"0":[1]},"fnMap":{"0":{"name":"(empty-report)","decl":{"start":{"line":1,"column":10},"end":{"line":1,"column":10}},"loc":{"start":{"line":1,"column":10},"end":{"line":1,"column":10}},"line":1}},"f":{"0":1}}
,"/Users/klmhyeonwoo/utils/package/index.ts": {"path":"/Users/klmhyeonwoo/utils/package/index.ts","all":true,"statementMap":{"0":{"start":{"line":1,"column":0},"end":{"line":1,"column":43}},"1":{"start":{"line":2,"column":0},"end":{"line":2,"column":43}},"2":{"start":{"line":3,"column":0},"end":{"line":3,"column":43}},"3":{"start":{"line":4,"column":0},"end":{"line":4,"column":43}}},"s":{"0":0,"1":0,"2":0,"3":0},"branchMap":{"0":{"type":"branch","line":1,"loc":{"start":{"line":1,"column":175},"end":{"line":4,"column":43}},"locations":[{"start":{"line":1,"column":175},"end":{"line":4,"column":43}}]}},"b":{"0":[0]},"fnMap":{"0":{"name":"(empty-report)","decl":{"start":{"line":1,"column":175},"end":{"line":4,"column":43}},"loc":{"start":{"line":1,"column":175},"end":{"line":4,"column":43}},"line":1}},"f":{"0":0}}
,"/Users/klmhyeonwoo/utils/package/vite-env.d.ts": {"path":"/Users/klmhyeonwoo/utils/package/vite-env.d.ts","all":true,"statementMap":{},"s":{},"branchMap":{"0":{"type":"branch","line":1,"loc":{"start":{"line":1,"column":37},"end":{"line":1,"column":37}},"locations":[{"start":{"line":1,"column":37},"end":{"line":1,"column":37}}]}},"b":{"0":[1]},"fnMap":{"0":{"name":"(empty-report)","decl":{"start":{"line":1,"column":37},"end":{"line":1,"column":37}},"loc":{"start":{"line":1,"column":37},"end":{"line":1,"column":37}},"line":1}},"f":{"0":1}}
,"/Users/klmhyeonwoo/utils/package/cookieUtil/index.ts": {"path":"/Users/klmhyeonwoo/utils/package/cookieUtil/index.ts","all":true,"statementMap":{"0":{"start":{"line":1,"column":0},"end":{"line":1,"column":51}},"1":{"start":{"line":2,"column":0},"end":{"line":2,"column":51}}},"s":{"0":0,"1":0},"branchMap":{"0":{"type":"branch","line":1,"loc":{"start":{"line":1,"column":103},"end":{"line":2,"column":51}},"locations":[{"start":{"line":1,"column":103},"end":{"line":2,"column":51}}]}},"b":{"0":[0]},"fnMap":{"0":{"name":"(empty-report)","decl":{"start":{"line":1,"column":103},"end":{"line":2,"column":51}},"loc":{"start":{"line":1,"column":103},"end":{"line":2,"column":51}},"line":1}},"f":{"0":0}}
,"/Users/klmhyeonwoo/utils/package/cookieUtil/getCookie/index.ts": {"path":"/Users/klmhyeonwoo/utils/package/cookieUtil/getCookie/index.ts","all":true,"statementMap":{"0":{"start":{"line":1,"column":0},"end":{"line":1,"column":57}},"1":{"start":{"line":2,"column":0},"end":{"line":2,"column":101}},"2":{"start":{"line":3,"column":0},"end":{"line":3,"column":53}},"3":{"start":{"line":4,"column":0},"end":{"line":4,"column":1}}},"s":{"0":0,"1":0,"2":0,"3":0},"branchMap":{"0":{"type":"branch","line":1,"loc":{"start":{"line":1,"column":218},"end":{"line":4,"column":1}},"locations":[{"start":{"line":1,"column":218},"end":{"line":4,"column":1}}]}},"b":{"0":[0]},"fnMap":{"0":{"name":"(empty-report)","decl":{"start":{"line":1,"column":218},"end":{"line":4,"column":1}},"loc":{"start":{"line":1,"column":218},"end":{"line":4,"column":1}},"line":1}},"f":{"0":0}}
,"/Users/klmhyeonwoo/utils/package/cookieUtil/setCookie/index.ts": {"path":"/Users/klmhyeonwoo/utils/package/cookieUtil/setCookie/index.ts","all":true,"statementMap":{"17":{"start":{"line":18,"column":0},"end":{"line":18,"column":34}},"18":{"start":{"line":19,"column":0},"end":{"line":19,"column":17}},"19":{"start":{"line":20,"column":0},"end":{"line":20,"column":18}},"20":{"start":{"line":21,"column":0},"end":{"line":21,"column":31}},"21":{"start":{"line":22,"column":0},"end":{"line":22,"column":9}},"22":{"start":{"line":23,"column":0},"end":{"line":23,"column":11}},"23":{"start":{"line":24,"column":0},"end":{"line":24,"column":19}},"24":{"start":{"line":25,"column":0},"end":{"line":25,"column":16}},"25":{"start":{"line":26,"column":0},"end":{"line":26,"column":15}},"26":{"start":{"line":27,"column":0},"end":{"line":27,"column":21}},"27":{"start":{"line":28,"column":0},"end":{"line":28,"column":15}},"28":{"start":{"line":29,"column":0},"end":{"line":29,"column":15}},"29":{"start":{"line":30,"column":0},"end":{"line":30,"column":16}},"30":{"start":{"line":31,"column":0},"end":{"line":31,"column":16}},"32":{"start":{"line":33,"column":0},"end":{"line":33,"column":97}},"34":{"start":{"line":35,"column":0},"end":{"line":35,"column":18}},"35":{"start":{"line":36,"column":0},"end":{"line":36,"column":61}},"36":{"start":{"line":37,"column":0},"end":{"line":37,"column":5}},"38":{"start":{"line":39,"column":0},"end":{"line":39,"column":17}},"39":{"start":{"line":40,"column":0},"end":{"line":40,"column":46}},"40":{"start":{"line":41,"column":0},"end":{"line":41,"column":5}},"42":{"start":{"line":43,"column":0},"end":{"line":43,"column":23}},"43":{"start":{"line":44,"column":0},"end":{"line":44,"column":31}},"45":{"start":{"line":46,"column":0},"end":{"line":46,"column":32}},"46":{"start":{"line":47,"column":0},"end":{"line":47,"column":83}},"47":{"start":{"line":48,"column":0},"end":{"line":48,"column":40}},"48":{"start":{"line":49,"column":0},"end":{"line":49,"column":83}},"49":{"start":{"line":50,"column":0},"end":{"line":50,"column":38}},"50":{"start":{"line":51,"column":0},"end":{"line":51,"column":76}},"51":{"start":{"line":52,"column":0},"end":{"line":52,"column":39}},"52":{"start":{"line":53,"column":0},"end":{"line":53,"column":72}},"53":{"start":{"line":54,"column":0},"end":{"line":54,"column":41}},"54":{"start":{"line":55,"column":0},"end":{"line":55,"column":69}},"55":{"start":{"line":56,"column":0},"end":{"line":56,"column":41}},"56":{"start":{"line":57,"column":0},"end":{"line":57,"column":64}},"57":{"start":{"line":58,"column":0},"end":{"line":58,"column":9}},"58":{"start":{"line":59,"column":0},"end":{"line":59,"column":54}},"59":{"start":{"line":60,"column":0},"end":{"line":60,"column":5}},"61":{"start":{"line":62,"column":0},"end":{"line":62,"column":17}},"62":{"start":{"line":63,"column":0},"end":{"line":63,"column":45}},"63":{"start":{"line":64,"column":0},"end":{"line":64,"column":5}},"65":{"start":{"line":66,"column":0},"end":{"line":66,"column":17}},"66":{"start":{"line":67,"column":0},"end":{"line":67,"column":35}},"67":{"start":{"line":68,"column":0},"end":{"line":68,"column":5}},"69":{"start":{"line":70,"column":0},"end":{"line":70,"column":19}},"70":{"start":{"line":71,"column":0},"end":{"line":71,"column":49}},"71":{"start":{"line":72,"column":0},"end":{"line":72,"column":5}},"73":{"start":{"line":74,"column":0},"end":{"line":74,"column":35}},"74":{"start":{"line":75,"column":0},"end":{"line":75,"column":1}}},"s":{"17":0,"18":0,"19":0,"20":0,"21":0,"22":0,"23":0,"24":0,"25":0,"26":0,"27":0,"28":0,"29":0,"30":0,"32":0,"34":0,"35":0,"36":0,"38":0,"39":0,"40":0,"42":0,"43":0,"45":0,"46":0,"47":0,"48":0,"49":0,"50":0,"51":0,"52":0,"53":0,"54":0,"55":0,"56":0,"57":0,"58":0,"59":0,"61":0,"62":0,"63":0,"65":0,"66":0,"67":0,"69":0,"70":0,"71":0,"73":0,"74":0},"branchMap":{"0":{"type":"branch","line":1,"loc":{"start":{"line":1,"column":1997},"end":{"line":75,"column":1}},"locations":[{"start":{"line":1,"column":1997},"end":{"line":75,"column":1}}]}},"b":{"0":[1]},"fnMap":{"0":{"name":"(empty-report)","decl":{"start":{"line":1,"column":1997},"end":{"line":75,"column":1}},"loc":{"start":{"line":1,"column":1997},"end":{"line":75,"column":1}},"line":1}},"f":{"0":1}}
,"/Users/klmhyeonwoo/utils/package/numberUtil/index.ts": {"path":"/Users/klmhyeonwoo/utils/package/numberUtil/index.ts","all":true,"statementMap":{"0":{"start":{"line":1,"column":0},"end":{"line":1,"column":39}}},"s":{"0":0},"branchMap":{"0":{"type":"branch","line":1,"loc":{"start":{"line":1,"column":39},"end":{"line":1,"column":39}},"locations":[{"start":{"line":1,"column":39},"end":{"line":1,"column":39}}]}},"b":{"0":[0]},"fnMap":{"0":{"name":"(empty-report)","decl":{"start":{"line":1,"column":39},"end":{"line":1,"column":39}},"loc":{"start":{"line":1,"column":39},"end":{"line":1,"column":39}},"line":1}},"f":{"0":0}}
,"/Users/klmhyeonwoo/utils/package/numberUtil/sum/index.ts": {"path":"/Users/klmhyeonwoo/utils/package/numberUtil/sum/index.ts","all":false,"statementMap":{"0":{"start":{"line":1,"column":0},"end":{"line":1,"column":56}},"1":{"start":{"line":2,"column":0},"end":{"line":2,"column":49}},"2":{"start":{"line":3,"column":0},"end":{"line":3,"column":1}}},"s":{"0":2,"1":2,"2":2},"branchMap":{"0":{"type":"branch","line":1,"loc":{"start":{"line":1,"column":0},"end":{"line":3,"column":1}},"locations":[{"start":{"line":1,"column":0},"end":{"line":3,"column":1}}]},"1":{"type":"branch","line":2,"loc":{"start":{"line":2,"column":21},"end":{"line":2,"column":46}},"locations":[{"start":{"line":2,"column":21},"end":{"line":2,"column":46}}]}},"b":{"0":[2],"1":[6]},"fnMap":{"0":{"name":"sum","decl":{"start":{"line":1,"column":0},"end":{"line":3,"column":1}},"loc":{"start":{"line":1,"column":0},"end":{"line":3,"column":1}},"line":1}},"f":{"0":2}}
,"/Users/klmhyeonwoo/utils/package/objectUtil/index.ts": {"path":"/Users/klmhyeonwoo/utils/package/objectUtil/index.ts","all":true,"statementMap":{"0":{"start":{"line":1,"column":0},"end":{"line":1,"column":71}},"1":{"start":{"line":2,"column":0},"end":{"line":2,"column":53}}},"s":{"0":0,"1":0},"branchMap":{"0":{"type":"branch","line":1,"loc":{"start":{"line":1,"column":126},"end":{"line":2,"column":53}},"locations":[{"start":{"line":1,"column":126},"end":{"line":2,"column":53}}]}},"b":{"0":[0]},"fnMap":{"0":{"name":"(empty-report)","decl":{"start":{"line":1,"column":126},"end":{"line":2,"column":53}},"loc":{"start":{"line":1,"column":126},"end":{"line":2,"column":53}},"line":1}},"f":{"0":0}}
,"/Users/klmhyeonwoo/utils/package/objectUtil/clearNullProperties/index.ts": {"path":"/Users/klmhyeonwoo/utils/package/objectUtil/clearNullProperties/index.ts","all":false,"statementMap":{"0":{"start":{"line":1,"column":0},"end":{"line":1,"column":59}},"1":{"start":{"line":2,"column":0},"end":{"line":2,"column":30}},"2":{"start":{"line":3,"column":0},"end":{"line":3,"column":64}},"3":{"start":{"line":4,"column":0},"end":{"line":4,"column":51}},"4":{"start":{"line":5,"column":0},"end":{"line":5,"column":55}},"5":{"start":{"line":6,"column":0},"end":{"line":6,"column":77}},"6":{"start":{"line":7,"column":0},"end":{"line":7,"column":107}},"7":{"start":{"line":8,"column":0},"end":{"line":8,"column":9}},"8":{"start":{"line":9,"column":0},"end":{"line":9,"column":6}},"9":{"start":{"line":10,"column":0},"end":{"line":10,"column":18}},"10":{"start":{"line":11,"column":0},"end":{"line":11,"column":1}}},"s":{"0":1,"1":1,"2":1,"3":3,"4":1,"5":3,"6":0,"7":0,"8":1,"9":1,"10":1},"branchMap":{"0":{"type":"branch","line":1,"loc":{"start":{"line":1,"column":0},"end":{"line":11,"column":1}},"locations":[{"start":{"line":1,"column":0},"end":{"line":11,"column":1}}]},"1":{"type":"branch","line":3,"loc":{"start":{"line":3,"column":55},"end":{"line":9,"column":5}},"locations":[{"start":{"line":3,"column":55},"end":{"line":9,"column":5}}]},"2":{"type":"branch","line":4,"loc":{"start":{"line":4,"column":50},"end":{"line":6,"column":19}},"locations":[{"start":{"line":4,"column":50},"end":{"line":6,"column":19}}]},"3":{"type":"branch","line":6,"loc":{"start":{"line":6,"column":8},"end":{"line":8,"column":9}},"locations":[{"start":{"line":6,"column":8},"end":{"line":8,"column":9}}]},"4":{"type":"branch","line":6,"loc":{"start":{"line":6,"column":76},"end":{"line":8,"column":9}},"locations":[{"start":{"line":6,"column":76},"end":{"line":8,"column":9}}]}},"b":{"0":[1],"1":[3],"2":[1],"3":[2],"4":[0]},"fnMap":{"0":{"name":"clearNullProperties","decl":{"start":{"line":1,"column":0},"end":{"line":11,"column":1}},"loc":{"start":{"line":1,"column":0},"end":{"line":11,"column":1}},"line":1}},"f":{"0":1}}
,"/Users/klmhyeonwoo/utils/package/objectUtil/deepFreeze/index.ts": {"path":"/Users/klmhyeonwoo/utils/package/objectUtil/deepFreeze/index.ts","all":false,"statementMap":{"0":{"start":{"line":1,"column":0},"end":{"line":1,"column":50}},"1":{"start":{"line":2,"column":0},"end":{"line":2,"column":55}},"2":{"start":{"line":3,"column":0},"end":{"line":3,"column":36}},"3":{"start":{"line":4,"column":0},"end":{"line":4,"column":57}},"4":{"start":{"line":5,"column":0},"end":{"line":5,"column":58}},"5":{"start":{"line":6,"column":0},"end":{"line":6,"column":30}},"6":{"start":{"line":7,"column":0},"end":{"line":7,"column":9}},"7":{"start":{"line":8,"column":0},"end":{"line":8,"column":5}},"8":{"start":{"line":9,"column":0},"end":{"line":9,"column":30}},"9":{"start":{"line":10,"column":0},"end":{"line":10,"column":1}}},"s":{"0":2,"1":2,"2":2,"3":4,"4":4,"5":1,"6":1,"7":4,"8":2,"9":2},"branchMap":{"0":{"type":"branch","line":1,"loc":{"start":{"line":1,"column":0},"end":{"line":10,"column":1}},"locations":[{"start":{"line":1,"column":0},"end":{"line":10,"column":1}}]},"1":{"type":"branch","line":3,"loc":{"start":{"line":3,"column":35},"end":{"line":8,"column":5}},"locations":[{"start":{"line":3,"column":35},"end":{"line":8,"column":5}}]},"2":{"type":"branch","line":5,"loc":{"start":{"line":5,"column":29},"end":{"line":5,"column":57}},"locations":[{"start":{"line":5,"column":29},"end":{"line":5,"column":57}}]},"3":{"type":"branch","line":5,"loc":{"start":{"line":5,"column":57},"end":{"line":7,"column":9}},"locations":[{"start":{"line":5,"column":57},"end":{"line":7,"column":9}}]}},"b":{"0":[2],"1":[4],"2":[1],"3":[1]},"fnMap":{"0":{"name":"deepFreeze","decl":{"start":{"line":1,"column":0},"end":{"line":10,"column":1}},"loc":{"start":{"line":1,"column":0},"end":{"line":10,"column":1}},"line":1}},"f":{"0":2}}
,"/Users/klmhyeonwoo/utils/package/stringUtil/index.ts": {"path":"/Users/klmhyeonwoo/utils/package/stringUtil/index.ts","all":true,"statementMap":{"0":{"start":{"line":1,"column":0},"end":{"line":1,"column":53}},"1":{"start":{"line":2,"column":0},"end":{"line":2,"column":57}}},"s":{"0":0,"1":0},"branchMap":{"0":{"type":"branch","line":1,"loc":{"start":{"line":1,"column":112},"end":{"line":2,"column":57}},"locations":[{"start":{"line":1,"column":112},"end":{"line":2,"column":57}}]}},"b":{"0":[0]},"fnMap":{"0":{"name":"(empty-report)","decl":{"start":{"line":1,"column":112},"end":{"line":2,"column":57}},"loc":{"start":{"line":1,"column":112},"end":{"line":2,"column":57}},"line":1}},"f":{"0":0}}
,"/Users/klmhyeonwoo/utils/package/stringUtil/escapeHtml/index.ts": {"path":"/Users/klmhyeonwoo/utils/package/stringUtil/escapeHtml/index.ts","all":false,"statementMap":{"0":{"start":{"line":1,"column":0},"end":{"line":1,"column":57}},"1":{"start":{"line":2,"column":0},"end":{"line":2,"column":12}},"2":{"start":{"line":3,"column":0},"end":{"line":3,"column":27}},"3":{"start":{"line":4,"column":0},"end":{"line":4,"column":26}},"4":{"start":{"line":5,"column":0},"end":{"line":5,"column":26}},"5":{"start":{"line":6,"column":0},"end":{"line":6,"column":28}},"6":{"start":{"line":7,"column":0},"end":{"line":7,"column":28}},"7":{"start":{"line":8,"column":0},"end":{"line":8,"column":1}}},"s":{"0":1,"1":1,"2":1,"3":1,"4":1,"5":1,"6":1,"7":1},"branchMap":{"0":{"type":"branch","line":1,"loc":{"start":{"line":1,"column":0},"end":{"line":8,"column":1}},"locations":[{"start":{"line":1,"column":0},"end":{"line":8,"column":1}}]}},"b":{"0":[1]},"fnMap":{"0":{"name":"escapeHtml","decl":{"start":{"line":1,"column":0},"end":{"line":8,"column":1}},"loc":{"start":{"line":1,"column":0},"end":{"line":8,"column":1}},"line":1}},"f":{"0":1}}
,"/Users/klmhyeonwoo/utils/package/stringUtil/unescapeHtml/index.ts": {"path":"/Users/klmhyeonwoo/utils/package/stringUtil/unescapeHtml/index.ts","all":false,"statementMap":{"0":{"start":{"line":1,"column":0},"end":{"line":1,"column":59}},"1":{"start":{"line":2,"column":0},"end":{"line":2,"column":37}},"2":{"start":{"line":3,"column":0},"end":{"line":3,"column":30}},"3":{"start":{"line":4,"column":0},"end":{"line":4,"column":30}},"4":{"start":{"line":5,"column":0},"end":{"line":5,"column":33}},"5":{"start":{"line":6,"column":0},"end":{"line":6,"column":31}},"6":{"start":{"line":7,"column":0},"end":{"line":7,"column":33}},"7":{"start":{"line":8,"column":0},"end":{"line":8,"column":1}}},"s":{"0":1,"1":1,"2":1,"3":1,"4":1,"5":1,"6":1,"7":1},"branchMap":{"0":{"type":"branch","line":1,"loc":{"start":{"line":1,"column":0},"end":{"line":8,"column":1}},"locations":[{"start":{"line":1,"column":0},"end":{"line":8,"column":1}}]}},"b":{"0":[1]},"fnMap":{"0":{"name":"unescapeHtml","decl":{"start":{"line":1,"column":0},"end":{"line":8,"column":1}},"loc":{"start":{"line":1,"column":0},"end":{"line":8,"column":1}},"line":1}},"f":{"0":1}}
}
